<?xml version="1.0" encoding="UTF-8" standalone="no"?>
<!DOCTYPE report PUBLIC "-//JACOCO//DTD Report 1.1//EN" "report.dtd"[]>
<report name="Pester (06/19/2026 15:20:38)">
  <sessioninfo id="this" start="1781882430648" dump="1781882438275" />
  <package name="bustermyconnection">
    <class name="bustermyconnection/Buster-MyConnection" sourcefilename="Buster-MyConnection.ps1">
      <method name="&lt;script&gt;" desc="()" line="109">
        <counter type="INSTRUCTION" missed="105" covered="12" />
        <counter type="LINE" missed="83" covered="12" />
        <counter type="METHOD" missed="0" covered="1" />
      </method>
      <method name="Out-Info" desc="()" line="195">
        <counter type="INSTRUCTION" missed="0" covered="2" />
        <counter type="LINE" missed="0" covered="2" />
        <counter type="METHOD" missed="0" covered="1" />
      </method>
      <method name="Out-Success" desc="()" line="202">
        <counter type="INSTRUCTION" missed="0" covered="1" />
        <counter type="LINE" missed="0" covered="1" />
        <counter type="METHOD" missed="0" covered="1" />
      </method>
      <method name="Out-Warn" desc="()" line="207">
        <counter type="INSTRUCTION" missed="0" covered="1" />
        <counter type="LINE" missed="0" covered="1" />
        <counter type="METHOD" missed="0" covered="1" />
      </method>
      <method name="Out-Error" desc="()" line="215">
        <counter type="INSTRUCTION" missed="0" covered="1" />
        <counter type="LINE" missed="0" covered="1" />
        <counter type="METHOD" missed="0" covered="1" />
      </method>
      <method name="Get-StoredProxyCredential" desc="()" line="226">
        <counter type="INSTRUCTION" missed="2" covered="6" />
        <counter type="LINE" missed="1" covered="6" />
        <counter type="METHOD" missed="0" covered="1" />
      </method>
      <method name="Set-StoredProxyCredential" desc="()" line="243">
        <counter type="INSTRUCTION" missed="4" covered="11" />
        <counter type="LINE" missed="2" covered="9" />
        <counter type="METHOD" missed="0" covered="1" />
      </method>
      <method name="Get-ProxyCredential" desc="()" line="264">
        <counter type="INSTRUCTION" missed="13" covered="5" />
        <counter type="LINE" missed="12" covered="5" />
        <counter type="METHOD" missed="0" covered="1" />
      </method>
      <method name="ConvertTo-ProxyUserInfo" desc="()" line="311">
        <counter type="INSTRUCTION" missed="0" covered="14" />
        <counter type="LINE" missed="0" covered="12" />
        <counter type="METHOD" missed="0" covered="1" />
      </method>
      <method name="Get-PreviousExecutionState" desc="()" line="341">
        <counter type="INSTRUCTION" missed="0" covered="5" />
        <counter type="LINE" missed="0" covered="4" />
        <counter type="METHOD" missed="0" covered="1" />
      </method>
      <method name="Set-ExecutionState" desc="()" line="358">
        <counter type="INSTRUCTION" missed="2" covered="11" />
        <counter type="LINE" missed="1" covered="8" />
        <counter type="METHOD" missed="0" covered="1" />
      </method>
      <method name="Backup-ProxyEnvironmentVariables" desc="()" line="375">
        <counter type="INSTRUCTION" missed="0" covered="7" />
        <counter type="LINE" missed="0" covered="4" />
        <counter type="METHOD" missed="0" covered="1" />
      </method>
      <method name="Remove-ProxyEnvironmentVariables" desc="()" line="383">
        <counter type="INSTRUCTION" missed="0" covered="14" />
        <counter type="LINE" missed="0" covered="10" />
        <counter type="METHOD" missed="0" covered="1" />
      </method>
      <method name="Restore-ProxyEnvironmentVariables" desc="()" line="399">
        <counter type="INSTRUCTION" missed="0" covered="12" />
        <counter type="LINE" missed="0" covered="10" />
        <counter type="METHOD" missed="0" covered="1" />
      </method>
      <method name="Set-ProxyEnvironmentForCntlm" desc="()" line="423">
        <counter type="INSTRUCTION" missed="0" covered="7" />
        <counter type="LINE" missed="0" covered="7" />
        <counter type="METHOD" missed="0" covered="1" />
      </method>
      <method name="Set-ProxyEnvironmentForCorporate" desc="()" line="441">
        <counter type="INSTRUCTION" missed="0" covered="11" />
        <counter type="LINE" missed="0" covered="11" />
        <counter type="METHOD" missed="0" covered="1" />
      </method>
      <method name="Get-CntlmConfiguration" desc="()" line="465">
        <counter type="INSTRUCTION" missed="0" covered="28" />
        <counter type="LINE" missed="0" covered="26" />
        <counter type="METHOD" missed="0" covered="1" />
      </method>
      <method name="Test-InternetConnectivity" desc="()" line="512">
        <counter type="INSTRUCTION" missed="0" covered="9" />
        <counter type="LINE" missed="0" covered="7" />
        <counter type="METHOD" missed="0" covered="1" />
      </method>
      <method name="Test-ProxyConnectivity" desc="()" line="535">
        <counter type="INSTRUCTION" missed="0" covered="18" />
        <counter type="LINE" missed="0" covered="17" />
        <counter type="METHOD" missed="0" covered="1" />
      </method>
      <method name="Test-TcpPort" desc="()" line="567">
        <counter type="INSTRUCTION" missed="10" covered="7" />
        <counter type="LINE" missed="8" covered="7" />
        <counter type="METHOD" missed="0" covered="1" />
      </method>
      <method name="Stop-CntlmProcess" desc="()" line="596">
        <counter type="INSTRUCTION" missed="0" covered="6" />
        <counter type="LINE" missed="0" covered="5" />
        <counter type="METHOD" missed="0" covered="1" />
      </method>
      <method name="Start-CntlmProcess" desc="()" line="607">
        <counter type="INSTRUCTION" missed="0" covered="6" />
        <counter type="LINE" missed="0" covered="5" />
        <counter type="METHOD" missed="0" covered="1" />
      </method>
      <method name="Test-CntlmRunning" desc="()" line="617">
        <counter type="INSTRUCTION" missed="0" covered="3" />
        <counter type="LINE" missed="0" covered="2" />
        <counter type="METHOD" missed="0" covered="1" />
      </method>
      <method name="Install-CntlmPortable" desc="()" line="627">
        <counter type="INSTRUCTION" missed="0" covered="24" />
        <counter type="LINE" missed="0" covered="20" />
        <counter type="METHOD" missed="0" covered="1" />
      </method>
      <method name="Resolve-CntlmExecutable" desc="()" line="666">
        <counter type="INSTRUCTION" missed="0" covered="5" />
        <counter type="LINE" missed="0" covered="4" />
        <counter type="METHOD" missed="0" covered="1" />
      </method>
      <method name="New-CntlmConfiguration" desc="()" line="679">
        <counter type="INSTRUCTION" missed="2" covered="23" />
        <counter type="LINE" missed="1" covered="22" />
        <counter type="METHOD" missed="0" covered="1" />
      </method>
      <method name="Invoke-ForceDirect" desc="()" line="731">
        <counter type="INSTRUCTION" missed="0" covered="8" />
        <counter type="LINE" missed="0" covered="8" />
        <counter type="METHOD" missed="0" covered="1" />
      </method>
      <method name="Invoke-ForceProxy" desc="()" line="748">
        <counter type="INSTRUCTION" missed="3" covered="28" />
        <counter type="LINE" missed="2" covered="19" />
        <counter type="METHOD" missed="0" covered="1" />
      </method>
      <method name="Invoke-ForceCntlm" desc="()" line="788">
        <counter type="INSTRUCTION" missed="23" covered="41" />
        <counter type="LINE" missed="17" covered="33" />
        <counter type="METHOD" missed="0" covered="1" />
      </method>
      <counter type="INSTRUCTION" missed="164" covered="326" />
      <counter type="LINE" missed="127" covered="278" />
      <counter type="METHOD" missed="0" covered="29" />
      <counter type="CLASS" missed="0" covered="1" />
    </class>
    <sourcefile name="Buster-MyConnection.ps1">
      <line nr="109" mi="0" ci="1" mb="0" cb="0" />
      <line nr="114" mi="0" ci="1" mb="0" cb="0" />
      <line nr="169" mi="0" ci="1" mb="0" cb="0" />
      <line nr="170" mi="1" ci="0" mb="0" cb="0" />
      <line nr="174" mi="0" ci="1" mb="0" cb="0" />
      <line nr="175" mi="0" ci="1" mb="0" cb="0" />
      <line nr="180" mi="0" ci="1" mb="0" cb="0" />
      <line nr="182" mi="0" ci="1" mb="0" cb="0" />
      <line nr="187" mi="0" ci="1" mb="0" cb="0" />
      <line nr="188" mi="0" ci="1" mb="0" cb="0" />
      <line nr="195" mi="0" ci="1" mb="0" cb="0" />
      <line nr="196" mi="0" ci="1" mb="0" cb="0" />
      <line nr="202" mi="0" ci="1" mb="0" cb="0" />
      <line nr="207" mi="0" ci="1" mb="0" cb="0" />
      <line nr="215" mi="0" ci="1" mb="0" cb="0" />
      <line nr="221" mi="0" ci="1" mb="0" cb="0" />
      <line nr="226" mi="0" ci="1" mb="0" cb="0" />
      <line nr="228" mi="0" ci="1" mb="0" cb="0" />
      <line nr="229" mi="0" ci="1" mb="0" cb="0" />
      <line nr="230" mi="0" ci="1" mb="0" cb="0" />
      <line nr="231" mi="0" ci="1" mb="0" cb="0" />
      <line nr="234" mi="2" ci="0" mb="0" cb="0" />
      <line nr="237" mi="0" ci="1" mb="0" cb="0" />
      <line nr="243" mi="0" ci="1" mb="0" cb="0" />
      <line nr="244" mi="0" ci="2" mb="0" cb="0" />
      <line nr="245" mi="2" ci="0" mb="0" cb="0" />
      <line nr="249" mi="0" ci="1" mb="0" cb="0" />
      <line nr="250" mi="0" ci="1" mb="0" cb="0" />
      <line nr="251" mi="0" ci="1" mb="0" cb="0" />
      <line nr="252" mi="0" ci="1" mb="0" cb="0" />
      <line nr="253" mi="0" ci="2" mb="0" cb="0" />
      <line nr="254" mi="0" ci="1" mb="0" cb="0" />
      <line nr="255" mi="0" ci="1" mb="0" cb="0" />
      <line nr="257" mi="2" ci="0" mb="0" cb="0" />
      <line nr="264" mi="0" ci="1" mb="0" cb="0" />
      <line nr="265" mi="0" ci="1" mb="0" cb="0" />
      <line nr="266" mi="0" ci="1" mb="0" cb="0" />
      <line nr="267" mi="0" ci="1" mb="0" cb="0" />
      <line nr="268" mi="0" ci="1" mb="0" cb="0" />
      <line nr="272" mi="1" ci="0" mb="0" cb="0" />
      <line nr="275" mi="1" ci="0" mb="0" cb="0" />
      <line nr="276" mi="1" ci="0" mb="0" cb="0" />
      <line nr="278" mi="1" ci="0" mb="0" cb="0" />
      <line nr="281" mi="1" ci="0" mb="0" cb="0" />
      <line nr="282" mi="1" ci="0" mb="0" cb="0" />
      <line nr="284" mi="1" ci="0" mb="0" cb="0" />
      <line nr="285" mi="2" ci="0" mb="0" cb="0" />
      <line nr="287" mi="1" ci="0" mb="0" cb="0" />
      <line nr="288" mi="1" ci="0" mb="0" cb="0" />
      <line nr="289" mi="1" ci="0" mb="0" cb="0" />
      <line nr="292" mi="1" ci="0" mb="0" cb="0" />
      <line nr="311" mi="0" ci="1" mb="0" cb="0" />
      <line nr="312" mi="0" ci="1" mb="0" cb="0" />
      <line nr="316" mi="0" ci="1" mb="0" cb="0" />
      <line nr="317" mi="0" ci="1" mb="0" cb="0" />
      <line nr="318" mi="0" ci="2" mb="0" cb="0" />
      <line nr="321" mi="0" ci="1" mb="0" cb="0" />
      <line nr="322" mi="0" ci="2" mb="0" cb="0" />
      <line nr="325" mi="0" ci="1" mb="0" cb="0" />
      <line nr="327" mi="0" ci="1" mb="0" cb="0" />
      <line nr="328" mi="0" ci="1" mb="0" cb="0" />
      <line nr="331" mi="0" ci="1" mb="0" cb="0" />
      <line nr="332" mi="0" ci="1" mb="0" cb="0" />
      <line nr="338" mi="0" ci="1" mb="0" cb="0" />
      <line nr="341" mi="0" ci="1" mb="0" cb="0" />
      <line nr="343" mi="0" ci="2" mb="0" cb="0" />
      <line nr="345" mi="0" ci="1" mb="0" cb="0" />
      <line nr="348" mi="0" ci="1" mb="0" cb="0" />
      <line nr="358" mi="0" ci="1" mb="0" cb="0" />
      <line nr="359" mi="0" ci="2" mb="0" cb="0" />
      <line nr="360" mi="2" ci="0" mb="0" cb="0" />
      <line nr="363" mi="0" ci="1" mb="0" cb="0" />
      <line nr="364" mi="0" ci="1" mb="0" cb="0" />
      <line nr="365" mi="0" ci="1" mb="0" cb="0" />
      <line nr="366" mi="0" ci="2" mb="0" cb="0" />
      <line nr="367" mi="0" ci="1" mb="0" cb="0" />
      <line nr="368" mi="0" ci="2" mb="0" cb="0" />
      <line nr="375" mi="0" ci="1" mb="0" cb="0" />
      <line nr="376" mi="0" ci="3" mb="0" cb="0" />
      <line nr="377" mi="0" ci="2" mb="0" cb="0" />
      <line nr="378" mi="0" ci="1" mb="0" cb="0" />
      <line nr="383" mi="0" ci="1" mb="0" cb="0" />
      <line nr="384" mi="0" ci="1" mb="0" cb="0" />
      <line nr="385" mi="0" ci="3" mb="0" cb="0" />
      <line nr="386" mi="0" ci="1" mb="0" cb="0" />
      <line nr="387" mi="0" ci="2" mb="0" cb="0" />
      <line nr="388" mi="0" ci="2" mb="0" cb="0" />
      <line nr="389" mi="0" ci="1" mb="0" cb="0" />
      <line nr="391" mi="0" ci="1" mb="0" cb="0" />
      <line nr="392" mi="0" ci="1" mb="0" cb="0" />
      <line nr="393" mi="0" ci="1" mb="0" cb="0" />
      <line nr="399" mi="0" ci="1" mb="0" cb="0" />
      <line nr="402" mi="0" ci="1" mb="0" cb="0" />
      <line nr="403" mi="0" ci="1" mb="0" cb="0" />
      <line nr="404" mi="0" ci="1" mb="0" cb="0" />
      <line nr="405" mi="0" ci="1" mb="0" cb="0" />
      <line nr="406" mi="0" ci="1" mb="0" cb="0" />
      <line nr="412" mi="0" ci="1" mb="0" cb="0" />
      <line nr="413" mi="0" ci="1" mb="0" cb="0" />
      <line nr="414" mi="0" ci="3" mb="0" cb="0" />
      <line nr="415" mi="0" ci="1" mb="0" cb="0" />
      <line nr="423" mi="0" ci="1" mb="0" cb="0" />
      <line nr="424" mi="0" ci="1" mb="0" cb="0" />
      <line nr="425" mi="0" ci="1" mb="0" cb="0" />
      <line nr="426" mi="0" ci="1" mb="0" cb="0" />
      <line nr="427" mi="0" ci="1" mb="0" cb="0" />
      <line nr="429" mi="0" ci="1" mb="0" cb="0" />
      <line nr="430" mi="0" ci="1" mb="0" cb="0" />
      <line nr="441" mi="0" ci="1" mb="0" cb="0" />
      <line nr="442" mi="0" ci="1" mb="0" cb="0" />
      <line nr="443" mi="0" ci="1" mb="0" cb="0" />
      <line nr="444" mi="0" ci="1" mb="0" cb="0" />
      <line nr="446" mi="0" ci="1" mb="0" cb="0" />
      <line nr="449" mi="0" ci="1" mb="0" cb="0" />
      <line nr="450" mi="0" ci="1" mb="0" cb="0" />
      <line nr="451" mi="0" ci="1" mb="0" cb="0" />
      <line nr="452" mi="0" ci="1" mb="0" cb="0" />
      <line nr="455" mi="0" ci="1" mb="0" cb="0" />
      <line nr="456" mi="0" ci="1" mb="0" cb="0" />
      <line nr="465" mi="0" ci="2" mb="0" cb="0" />
      <line nr="466" mi="0" ci="1" mb="0" cb="0" />
      <line nr="469" mi="0" ci="1" mb="0" cb="0" />
      <line nr="470" mi="0" ci="1" mb="0" cb="0" />
      <line nr="471" mi="0" ci="1" mb="0" cb="0" />
      <line nr="472" mi="0" ci="1" mb="0" cb="0" />
      <line nr="473" mi="0" ci="1" mb="0" cb="0" />
      <line nr="474" mi="0" ci="1" mb="0" cb="0" />
      <line nr="475" mi="0" ci="1" mb="0" cb="0" />
      <line nr="478" mi="0" ci="2" mb="0" cb="0" />
      <line nr="479" mi="0" ci="1" mb="0" cb="0" />
      <line nr="481" mi="0" ci="1" mb="0" cb="0" />
      <line nr="482" mi="0" ci="1" mb="0" cb="0" />
      <line nr="483" mi="0" ci="1" mb="0" cb="0" />
      <line nr="485" mi="0" ci="1" mb="0" cb="0" />
      <line nr="486" mi="0" ci="1" mb="0" cb="0" />
      <line nr="488" mi="0" ci="1" mb="0" cb="0" />
      <line nr="489" mi="0" ci="1" mb="0" cb="0" />
      <line nr="491" mi="0" ci="1" mb="0" cb="0" />
      <line nr="492" mi="0" ci="1" mb="0" cb="0" />
      <line nr="494" mi="0" ci="1" mb="0" cb="0" />
      <line nr="495" mi="0" ci="1" mb="0" cb="0" />
      <line nr="496" mi="0" ci="1" mb="0" cb="0" />
      <line nr="500" mi="0" ci="1" mb="0" cb="0" />
      <line nr="501" mi="0" ci="1" mb="0" cb="0" />
      <line nr="504" mi="0" ci="1" mb="0" cb="0" />
      <line nr="512" mi="0" ci="1" mb="0" cb="0" />
      <line nr="513" mi="0" ci="1" mb="0" cb="0" />
      <line nr="518" mi="0" ci="2" mb="0" cb="0" />
      <line nr="519" mi="0" ci="1" mb="0" cb="0" />
      <line nr="520" mi="0" ci="1" mb="0" cb="0" />
      <line nr="522" mi="0" ci="2" mb="0" cb="0" />
      <line nr="525" mi="0" ci="1" mb="0" cb="0" />
      <line nr="535" mi="0" ci="1" mb="0" cb="0" />
      <line nr="536" mi="0" ci="1" mb="0" cb="0" />
      <line nr="540" mi="0" ci="1" mb="0" cb="0" />
      <line nr="542" mi="0" ci="1" mb="0" cb="0" />
      <line nr="543" mi="0" ci="1" mb="0" cb="0" />
      <line nr="544" mi="0" ci="1" mb="0" cb="0" />
      <line nr="545" mi="0" ci="1" mb="0" cb="0" />
      <line nr="546" mi="0" ci="1" mb="0" cb="0" />
      <line nr="548" mi="0" ci="1" mb="0" cb="0" />
      <line nr="549" mi="0" ci="1" mb="0" cb="0" />
      <line nr="552" mi="0" ci="2" mb="0" cb="0" />
      <line nr="553" mi="0" ci="1" mb="0" cb="0" />
      <line nr="555" mi="0" ci="1" mb="0" cb="0" />
      <line nr="556" mi="0" ci="1" mb="0" cb="0" />
      <line nr="557" mi="0" ci="1" mb="0" cb="0" />
      <line nr="558" mi="0" ci="1" mb="0" cb="0" />
      <line nr="561" mi="0" ci="1" mb="0" cb="0" />
      <line nr="567" mi="0" ci="1" mb="0" cb="0" />
      <line nr="568" mi="0" ci="1" mb="0" cb="0" />
      <line nr="569" mi="0" ci="1" mb="0" cb="0" />
      <line nr="571" mi="0" ci="1" mb="0" cb="0" />
      <line nr="573" mi="1" ci="0" mb="0" cb="0" />
      <line nr="574" mi="1" ci="0" mb="0" cb="0" />
      <line nr="575" mi="1" ci="0" mb="0" cb="0" />
      <line nr="576" mi="1" ci="0" mb="0" cb="0" />
      <line nr="578" mi="2" ci="0" mb="0" cb="0" />
      <line nr="579" mi="1" ci="0" mb="0" cb="0" />
      <line nr="582" mi="0" ci="1" mb="0" cb="0" />
      <line nr="583" mi="0" ci="1" mb="0" cb="0" />
      <line nr="584" mi="0" ci="1" mb="0" cb="0" />
      <line nr="587" mi="2" ci="0" mb="0" cb="0" />
      <line nr="588" mi="1" ci="0" mb="0" cb="0" />
      <line nr="596" mi="0" ci="1" mb="0" cb="0" />
      <line nr="597" mi="0" ci="1" mb="0" cb="0" />
      <line nr="598" mi="0" ci="1" mb="0" cb="0" />
      <line nr="599" mi="0" ci="2" mb="0" cb="0" />
      <line nr="600" mi="0" ci="1" mb="0" cb="0" />
      <line nr="607" mi="0" ci="1" mb="0" cb="0" />
      <line nr="608" mi="0" ci="1" mb="0" cb="0" />
      <line nr="611" mi="0" ci="1" mb="0" cb="0" />
      <line nr="612" mi="0" ci="2" mb="0" cb="0" />
      <line nr="613" mi="0" ci="1" mb="0" cb="0" />
      <line nr="617" mi="0" ci="1" mb="0" cb="0" />
      <line nr="618" mi="0" ci="2" mb="0" cb="0" />
      <line nr="627" mi="0" ci="1" mb="0" cb="0" />
      <line nr="629" mi="0" ci="1" mb="0" cb="0" />
      <line nr="630" mi="0" ci="1" mb="0" cb="0" />
      <line nr="631" mi="0" ci="1" mb="0" cb="0" />
      <line nr="634" mi="0" ci="1" mb="0" cb="0" />
      <line nr="635" mi="0" ci="1" mb="0" cb="0" />
      <line nr="637" mi="0" ci="1" mb="0" cb="0" />
      <line nr="638" mi="0" ci="1" mb="0" cb="0" />
      <line nr="640" mi="0" ci="2" mb="0" cb="0" />
      <line nr="641" mi="0" ci="2" mb="0" cb="0" />
      <line nr="644" mi="0" ci="2" mb="0" cb="0" />
      <line nr="645" mi="0" ci="1" mb="0" cb="0" />
      <line nr="646" mi="0" ci="1" mb="0" cb="0" />
      <line nr="649" mi="0" ci="1" mb="0" cb="0" />
      <line nr="650" mi="0" ci="1" mb="0" cb="0" />
      <line nr="652" mi="0" ci="1" mb="0" cb="0" />
      <line nr="653" mi="0" ci="1" mb="0" cb="0" />
      <line nr="656" mi="0" ci="2" mb="0" cb="0" />
      <line nr="659" mi="0" ci="1" mb="0" cb="0" />
      <line nr="660" mi="0" ci="1" mb="0" cb="0" />
      <line nr="666" mi="0" ci="1" mb="0" cb="0" />
      <line nr="667" mi="0" ci="1" mb="0" cb="0" />
      <line nr="668" mi="0" ci="1" mb="0" cb="0" />
      <line nr="670" mi="0" ci="2" mb="0" cb="0" />
      <line nr="679" mi="0" ci="1" mb="0" cb="0" />
      <line nr="681" mi="0" ci="1" mb="0" cb="0" />
      <line nr="682" mi="0" ci="1" mb="0" cb="0" />
      <line nr="683" mi="0" ci="1" mb="0" cb="0" />
      <line nr="684" mi="0" ci="1" mb="0" cb="0" />
      <line nr="685" mi="0" ci="1" mb="0" cb="0" />
      <line nr="687" mi="0" ci="1" mb="0" cb="0" />
      <line nr="688" mi="0" ci="1" mb="0" cb="0" />
      <line nr="691" mi="0" ci="1" mb="0" cb="0" />
      <line nr="692" mi="0" ci="1" mb="0" cb="0" />
      <line nr="693" mi="0" ci="1" mb="0" cb="0" />
      <line nr="696" mi="0" ci="1" mb="0" cb="0" />
      <line nr="697" mi="0" ci="1" mb="0" cb="0" />
      <line nr="698" mi="0" ci="1" mb="0" cb="0" />
      <line nr="700" mi="0" ci="1" mb="0" cb="0" />
      <line nr="702" mi="0" ci="1" mb="0" cb="0" />
      <line nr="704" mi="0" ci="1" mb="0" cb="0" />
      <line nr="716" mi="0" ci="1" mb="0" cb="0" />
      <line nr="717" mi="0" ci="2" mb="0" cb="0" />
      <line nr="718" mi="2" ci="0" mb="0" cb="0" />
      <line nr="721" mi="0" ci="1" mb="0" cb="0" />
      <line nr="722" mi="0" ci="1" mb="0" cb="0" />
      <line nr="724" mi="0" ci="1" mb="0" cb="0" />
      <line nr="731" mi="0" ci="1" mb="0" cb="0" />
      <line nr="733" mi="0" ci="1" mb="0" cb="0" />
      <line nr="735" mi="0" ci="1" mb="0" cb="0" />
      <line nr="736" mi="0" ci="1" mb="0" cb="0" />
      <line nr="737" mi="0" ci="1" mb="0" cb="0" />
      <line nr="738" mi="0" ci="1" mb="0" cb="0" />
      <line nr="740" mi="0" ci="1" mb="0" cb="0" />
      <line nr="741" mi="0" ci="1" mb="0" cb="0" />
      <line nr="748" mi="0" ci="1" mb="0" cb="0" />
      <line nr="750" mi="0" ci="2" mb="0" cb="0" />
      <line nr="751" mi="0" ci="1" mb="0" cb="0" />
      <line nr="752" mi="0" ci="1" mb="0" cb="0" />
      <line nr="756" mi="0" ci="1" mb="0" cb="0" />
      <line nr="758" mi="0" ci="3" mb="0" cb="0" />
      <line nr="759" mi="0" ci="2" mb="0" cb="0" />
      <line nr="760" mi="0" ci="3" mb="0" cb="0" />
      <line nr="761" mi="0" ci="1" mb="0" cb="0" />
      <line nr="764" mi="0" ci="1" mb="0" cb="0" />
      <line nr="766" mi="0" ci="2" mb="0" cb="0" />
      <line nr="767" mi="0" ci="1" mb="0" cb="0" />
      <line nr="769" mi="0" ci="3" mb="0" cb="0" />
      <line nr="770" mi="0" ci="1" mb="0" cb="0" />
      <line nr="771" mi="0" ci="1" mb="0" cb="0" />
      <line nr="772" mi="0" ci="1" mb="0" cb="0" />
      <line nr="773" mi="0" ci="1" mb="0" cb="0" />
      <line nr="775" mi="0" ci="1" mb="0" cb="0" />
      <line nr="776" mi="0" ci="1" mb="0" cb="0" />
      <line nr="780" mi="2" ci="0" mb="0" cb="0" />
      <line nr="781" mi="1" ci="0" mb="0" cb="0" />
      <line nr="788" mi="0" ci="1" mb="0" cb="0" />
      <line nr="791" mi="0" ci="1" mb="0" cb="0" />
      <line nr="793" mi="2" ci="0" mb="0" cb="0" />
      <line nr="794" mi="1" ci="0" mb="0" cb="0" />
      <line nr="797" mi="0" ci="2" mb="0" cb="0" />
      <line nr="798" mi="1" ci="0" mb="0" cb="0" />
      <line nr="800" mi="1" ci="0" mb="0" cb="0" />
      <line nr="802" mi="2" ci="0" mb="0" cb="0" />
      <line nr="803" mi="1" ci="0" mb="0" cb="0" />
      <line nr="808" mi="0" ci="1" mb="0" cb="0" />
      <line nr="809" mi="0" ci="1" mb="0" cb="0" />
      <line nr="810" mi="0" ci="1" mb="0" cb="0" />
      <line nr="812" mi="0" ci="1" mb="0" cb="0" />
      <line nr="813" mi="0" ci="1" mb="0" cb="0" />
      <line nr="814" mi="0" ci="1" mb="0" cb="0" />
      <line nr="815" mi="0" ci="3" mb="0" cb="0" />
      <line nr="817" mi="2" ci="0" mb="0" cb="0" />
      <line nr="818" mi="1" ci="0" mb="0" cb="0" />
      <line nr="822" mi="0" ci="1" mb="0" cb="0" />
      <line nr="824" mi="2" ci="0" mb="0" cb="0" />
      <line nr="825" mi="1" ci="0" mb="0" cb="0" />
      <line nr="828" mi="0" ci="2" mb="0" cb="0" />
      <line nr="829" mi="0" ci="1" mb="0" cb="0" />
      <line nr="830" mi="0" ci="1" mb="0" cb="0" />
      <line nr="831" mi="0" ci="1" mb="0" cb="0" />
      <line nr="832" mi="0" ci="3" mb="0" cb="0" />
      <line nr="833" mi="0" ci="1" mb="0" cb="0" />
      <line nr="834" mi="0" ci="1" mb="0" cb="0" />
      <line nr="835" mi="0" ci="1" mb="0" cb="0" />
      <line nr="838" mi="0" ci="1" mb="0" cb="0" />
      <line nr="840" mi="0" ci="2" mb="0" cb="0" />
      <line nr="841" mi="0" ci="1" mb="0" cb="0" />
      <line nr="843" mi="0" ci="1" mb="0" cb="0" />
      <line nr="845" mi="0" ci="2" mb="0" cb="0" />
      <line nr="846" mi="0" ci="1" mb="0" cb="0" />
      <line nr="847" mi="0" ci="1" mb="0" cb="0" />
      <line nr="848" mi="0" ci="1" mb="0" cb="0" />
      <line nr="851" mi="0" ci="1" mb="0" cb="0" />
      <line nr="852" mi="0" ci="1" mb="0" cb="0" />
      <line nr="853" mi="0" ci="1" mb="0" cb="0" />
      <line nr="854" mi="0" ci="1" mb="0" cb="0" />
      <line nr="855" mi="0" ci="1" mb="0" cb="0" />
      <line nr="856" mi="0" ci="1" mb="0" cb="0" />
      <line nr="858" mi="1" ci="0" mb="0" cb="0" />
      <line nr="859" mi="1" ci="0" mb="0" cb="0" />
      <line nr="860" mi="3" ci="0" mb="0" cb="0" />
      <line nr="861" mi="1" ci="0" mb="0" cb="0" />
      <line nr="862" mi="1" ci="0" mb="0" cb="0" />
      <line nr="863" mi="1" ci="0" mb="0" cb="0" />
      <line nr="864" mi="1" ci="0" mb="0" cb="0" />
      <line nr="871" mi="0" ci="1" mb="0" cb="0" />
      <line nr="878" mi="1" ci="0" mb="0" cb="0" />
      <line nr="879" mi="1" ci="0" mb="0" cb="0" />
      <line nr="880" mi="1" ci="0" mb="0" cb="0" />
      <line nr="881" mi="4" ci="0" mb="0" cb="0" />
      <line nr="882" mi="3" ci="0" mb="0" cb="0" />
      <line nr="885" mi="1" ci="0" mb="0" cb="0" />
      <line nr="886" mi="1" ci="0" mb="0" cb="0" />
      <line nr="887" mi="1" ci="0" mb="0" cb="0" />
      <line nr="888" mi="1" ci="0" mb="0" cb="0" />
      <line nr="889" mi="1" ci="0" mb="0" cb="0" />
      <line nr="891" mi="1" ci="0" mb="0" cb="0" />
      <line nr="894" mi="1" ci="0" mb="0" cb="0" />
      <line nr="897" mi="1" ci="0" mb="0" cb="0" />
      <line nr="899" mi="1" ci="0" mb="0" cb="0" />
      <line nr="900" mi="1" ci="0" mb="0" cb="0" />
      <line nr="901" mi="3" ci="0" mb="0" cb="0" />
      <line nr="902" mi="2" ci="0" mb="0" cb="0" />
      <line nr="903" mi="2" ci="0" mb="0" cb="0" />
      <line nr="904" mi="2" ci="0" mb="0" cb="0" />
      <line nr="905" mi="2" ci="0" mb="0" cb="0" />
      <line nr="907" mi="1" ci="0" mb="0" cb="0" />
      <line nr="908" mi="3" ci="0" mb="0" cb="0" />
      <line nr="909" mi="1" ci="0" mb="0" cb="0" />
      <line nr="911" mi="3" ci="0" mb="0" cb="0" />
      <line nr="914" mi="2" ci="0" mb="0" cb="0" />
      <line nr="917" mi="1" ci="0" mb="0" cb="0" />
      <line nr="920" mi="1" ci="0" mb="0" cb="0" />
      <line nr="921" mi="1" ci="0" mb="0" cb="0" />
      <line nr="923" mi="1" ci="0" mb="0" cb="0" />
      <line nr="926" mi="1" ci="0" mb="0" cb="0" />
      <line nr="927" mi="1" ci="0" mb="0" cb="0" />
      <line nr="933" mi="1" ci="0" mb="0" cb="0" />
      <line nr="934" mi="1" ci="0" mb="0" cb="0" />
      <line nr="936" mi="1" ci="0" mb="0" cb="0" />
      <line nr="937" mi="1" ci="0" mb="0" cb="0" />
      <line nr="938" mi="1" ci="0" mb="0" cb="0" />
      <line nr="939" mi="1" ci="0" mb="0" cb="0" />
      <line nr="942" mi="1" ci="0" mb="0" cb="0" />
      <line nr="943" mi="1" ci="0" mb="0" cb="0" />
      <line nr="944" mi="1" ci="0" mb="0" cb="0" />
      <line nr="946" mi="1" ci="0" mb="0" cb="0" />
      <line nr="947" mi="1" ci="0" mb="0" cb="0" />
      <line nr="951" mi="1" ci="0" mb="0" cb="0" />
      <line nr="952" mi="1" ci="0" mb="0" cb="0" />
      <line nr="954" mi="1" ci="0" mb="0" cb="0" />
      <line nr="955" mi="1" ci="0" mb="0" cb="0" />
      <line nr="956" mi="1" ci="0" mb="0" cb="0" />
      <line nr="957" mi="1" ci="0" mb="0" cb="0" />
      <line nr="960" mi="1" ci="0" mb="0" cb="0" />
      <line nr="961" mi="1" ci="0" mb="0" cb="0" />
      <line nr="963" mi="1" ci="0" mb="0" cb="0" />
      <line nr="965" mi="2" ci="0" mb="0" cb="0" />
      <line nr="968" mi="1" ci="0" mb="0" cb="0" />
      <line nr="969" mi="2" ci="0" mb="0" cb="0" />
      <line nr="970" mi="1" ci="0" mb="0" cb="0" />
      <line nr="972" mi="1" ci="0" mb="0" cb="0" />
      <line nr="974" mi="2" ci="0" mb="0" cb="0" />
      <line nr="975" mi="1" ci="0" mb="0" cb="0" />
      <line nr="980" mi="2" ci="0" mb="0" cb="0" />
      <line nr="982" mi="1" ci="0" mb="0" cb="0" />
      <line nr="983" mi="1" ci="0" mb="0" cb="0" />
      <line nr="985" mi="1" ci="0" mb="0" cb="0" />
      <line nr="986" mi="1" ci="0" mb="0" cb="0" />
      <line nr="988" mi="2" ci="0" mb="0" cb="0" />
      <line nr="989" mi="1" ci="0" mb="0" cb="0" />
      <line nr="990" mi="1" ci="0" mb="0" cb="0" />
      <line nr="991" mi="1" ci="0" mb="0" cb="0" />
      <line nr="992" mi="1" ci="0" mb="0" cb="0" />
      <line nr="993" mi="1" ci="0" mb="0" cb="0" />
      <line nr="995" mi="1" ci="0" mb="0" cb="0" />
      <line nr="999" mi="2" ci="0" mb="0" cb="0" />
      <line nr="1003" mi="1" ci="0" mb="0" cb="0" />
      <line nr="1004" mi="1" ci="0" mb="0" cb="0" />
      <line nr="1006" mi="1" ci="0" mb="0" cb="0" />
      <line nr="1007" mi="1" ci="0" mb="0" cb="0" />
      <line nr="1009" mi="1" ci="0" mb="0" cb="0" />
      <line nr="1010" mi="1" ci="0" mb="0" cb="0" />
      <line nr="1011" mi="1" ci="0" mb="0" cb="0" />
      <line nr="1012" mi="1" ci="0" mb="0" cb="0" />
      <line nr="1013" mi="1" ci="0" mb="0" cb="0" />
      <line nr="1016" mi="1" ci="0" mb="0" cb="0" />
      <line nr="1017" mi="1" ci="0" mb="0" cb="0" />
      <counter type="INSTRUCTION" missed="164" covered="326" />
      <counter type="LINE" missed="127" covered="278" />
      <counter type="METHOD" missed="0" covered="29" />
      <counter type="CLASS" missed="0" covered="1" />
    </sourcefile>
    <counter type="INSTRUCTION" missed="164" covered="326" />
    <counter type="LINE" missed="127" covered="278" />
    <counter type="METHOD" missed="0" covered="29" />
    <counter type="CLASS" missed="0" covered="1" />
  </package>
  <counter type="INSTRUCTION" missed="164" covered="326" />
  <counter type="LINE" missed="127" covered="278" />
  <counter type="METHOD" missed="0" covered="29" />
  <counter type="CLASS" missed="0" covered="1" />
</report>
